<?xml version="1.0" encoding="UTF-8"?>
<testng-results skipped="0" failed="0" total="4" passed="4">
  <reporter-output>
  </reporter-output>
  <suite name="Suite" duration-ms="33" started-at="2019-08-04T12:33:37Z" finished-at="2019-08-04T12:33:37Z">
    <groups>
    </groups>
    <test name="Test" duration-ms="33" started-at="2019-08-04T12:33:37Z" finished-at="2019-08-04T12:33:37Z">
      <class name="testNGforJenkins.TestOne">
        <test-method status="PASS" signature="loginone()" name="loginone" duration-ms="17" started-at="2019-08-04T12:33:37Z" finished-at="2019-08-04T12:33:37Z">
        </test-method>
        <test-method status="PASS" signature="registartion()" name="registartion" duration-ms="0" started-at="2019-08-04T12:33:37Z" finished-at="2019-08-04T12:33:37Z">
        </test-method>
      </class>
      <class name="testNGforJenkins.VerifyLogin11">
        <test-method status="PASS" signature="a()" name="a" duration-ms="0" started-at="2019-08-04T12:33:37Z" finished-at="2019-08-04T12:33:37Z">
        </test-method>
      </class>
      <class name="testNGforJenkins.VerifyLogin10">
        <test-method status="PASS" signature="c()" name="c" duration-ms="1" started-at="2019-08-04T12:33:37Z" finished-at="2019-08-04T12:33:37Z">
        </test-method>
      </class>
    </test>
  </suite>
</testng-results>
